2023-07-26 00:04:15,521 - Starting prediction cycle...
2023-07-26 00:26:01,674 - Starting prediction cycle...
2023-07-26 00:26:01,674 - Loading the model...
2023-07-26 00:39:39,683 - Starting prediction cycle...
2023-07-26 00:39:39,683 - Loading the model...
2023-07-26 00:40:22,345 - Starting prediction cycle...
2023-07-26 00:40:22,345 - Loading the model...
2023-07-26 23:57:06,725 - Starting prediction cycle...
2023-07-26 23:57:06,725 - Loading the model...
2023-07-27 00:16:56,429 - Starting prediction cycle...
2023-07-27 00:16:56,429 - Loading the model...
2023-07-27 00:26:42,132 - Starting prediction cycle...
2023-07-27 00:26:42,133 - Loading the model...
2023-07-27 00:26:43,856 - Fetching features...
2023-07-27 00:26:45,082 - Finished fetching features.
2023-07-27 00:26:45,094 - Fetching features...
2023-07-27 00:26:45,381 - Finished fetching features.
2023-07-27 00:26:45,415 - Making predictions...
2023-07-27 01:07:16,448 - Starting prediction cycle...
2023-07-27 01:07:16,448 - Loading the model...
2023-07-27 01:07:16,605 - Fetching features...
2023-07-27 01:07:17,813 - Finished fetching features.
2023-07-27 01:07:17,824 - Fetching features...
2023-07-27 01:07:18,127 - Finished fetching features.
2023-07-27 01:07:18,160 - Making predictions...
2023-07-27 01:08:46,759 - Starting prediction cycle...
2023-07-27 01:08:46,759 - Loading the model...
2023-07-27 01:08:46,878 - Fetching features...
2023-07-27 01:08:48,040 - Finished fetching features.
2023-07-27 01:08:48,052 - Fetching features...
2023-07-27 01:08:48,332 - Finished fetching features.
2023-07-27 01:08:48,363 - Making predictions...
2023-07-27 01:13:48,036 - Starting prediction cycle...
2023-07-27 01:13:48,036 - Loading the model...
2023-07-27 01:13:48,156 - Fetching features...
2023-07-27 01:13:49,373 - Finished fetching features.
2023-07-27 01:13:49,389 - Fetching features...
2023-07-27 01:13:49,654 - Finished fetching features.
2023-07-27 01:13:49,694 - Making predictions...
2023-07-27 01:17:19,400 - Starting prediction cycle...
2023-07-27 01:17:19,401 - Loading the model...
2023-07-27 01:17:19,525 - Fetching features...
2023-07-27 01:17:20,727 - Finished fetching features.
2023-07-27 01:17:20,740 - Fetching features...
2023-07-27 01:17:21,003 - Finished fetching features.
2023-07-27 01:17:43,894 - Starting prediction cycle...
2023-07-27 01:17:43,894 - Loading the model...
2023-07-27 01:17:44,020 - Fetching features...
2023-07-27 01:17:45,220 - Finished fetching features.
2023-07-27 01:17:45,236 - Fetching features...
2023-07-27 01:17:45,502 - Finished fetching features.
2023-07-27 01:22:43,446 - Starting prediction cycle...
2023-07-27 01:22:43,446 - Loading the model...
2023-07-27 01:22:43,567 - Fetching features...
2023-07-27 01:22:44,719 - Finished fetching features.
2023-07-27 01:22:44,732 - Fetching features...
2023-07-27 01:22:44,994 - Finished fetching features.
2023-07-27 01:23:02,962 - Starting prediction cycle...
2023-07-27 01:23:02,963 - Loading the model...
2023-07-27 01:23:03,106 - Fetching features...
2023-07-27 01:23:04,301 - Finished fetching features.
2023-07-27 01:23:04,315 - Fetching features...
2023-07-27 01:23:04,580 - Finished fetching features.
2023-07-27 01:23:19,827 - Starting prediction cycle...
2023-07-27 01:23:19,828 - Loading the model...
2023-07-27 01:23:19,947 - Fetching features...
2023-07-27 01:23:21,187 - Finished fetching features.
2023-07-27 01:23:21,215 - Fetching features...
2023-07-27 01:23:21,449 - Finished fetching features.
2023-07-27 01:23:32,806 - Starting prediction cycle...
2023-07-27 01:23:32,806 - Loading the model...
2023-07-27 01:23:32,928 - Fetching features...
2023-07-27 01:23:34,134 - Finished fetching features.
2023-07-27 01:23:34,148 - Fetching features...
2023-07-27 01:23:34,441 - Finished fetching features.
2023-07-27 01:26:26,017 - Starting prediction cycle...
2023-07-27 01:26:26,017 - Loading the model...
2023-07-27 01:26:26,146 - Fetching features...
2023-07-27 01:26:27,293 - Finished fetching features.
2023-07-27 01:26:27,309 - Fetching features...
2023-07-27 01:26:27,576 - Finished fetching features.
2023-07-27 01:28:54,750 - Starting prediction cycle...
2023-07-27 01:28:54,750 - Loading the model...
2023-07-27 01:28:54,875 - Fetching features...
2023-07-27 01:28:56,058 - Finished fetching features.
2023-07-27 01:28:56,075 - Fetching features...
2023-07-27 01:28:56,335 - Finished fetching features.
2023-07-27 01:28:56,379 - Making predictions...
2023-07-27 01:30:42,263 - Starting prediction cycle...
2023-07-27 01:30:42,263 - Loading the model...
2023-07-27 01:30:42,382 - Fetching features...
2023-07-27 01:30:43,567 - Finished fetching features.
2023-07-27 01:30:43,581 - Fetching features...
2023-07-27 01:30:43,808 - Finished fetching features.
2023-07-27 01:30:43,848 - Making predictions...
2023-07-27 01:36:00,945 - Starting prediction cycle...
2023-07-27 01:36:00,945 - Loading the model...
2023-07-27 01:36:01,084 - Fetching features...
2023-07-27 01:36:02,204 - Finished fetching features.
2023-07-27 01:36:02,217 - Fetching features...
2023-07-27 01:36:02,477 - Finished fetching features.
2023-07-27 01:36:02,517 - Making predictions...
2023-07-27 01:38:14,981 - Starting prediction cycle...
2023-07-27 01:38:14,981 - Loading the model...
2023-07-27 01:38:15,179 - Fetching features...
2023-07-27 01:38:16,363 - Finished fetching features.
2023-07-27 01:38:16,377 - Fetching features...
2023-07-27 01:38:16,625 - Finished fetching features.
2023-07-27 01:38:16,663 - Making predictions...
2023-07-27 01:39:22,049 - Starting prediction cycle...
2023-07-27 01:39:22,049 - Loading the model...
2023-07-27 01:39:22,174 - Fetching features...
2023-07-27 01:39:23,372 - Finished fetching features.
2023-07-27 01:39:23,386 - Fetching features...
2023-07-27 01:39:23,632 - Finished fetching features.
2023-07-27 01:39:23,673 - Making predictions...
2023-07-27 01:42:44,835 - Starting prediction cycle...
2023-07-27 01:42:44,836 - Loading the model...
2023-07-27 01:42:44,955 - Fetching features...
2023-07-27 01:42:46,141 - Finished fetching features.
2023-07-27 01:47:18,359 - Starting prediction cycle...
2023-07-27 01:47:18,359 - Loading the model...
2023-07-27 01:47:18,481 - Fetching features...
2023-07-27 01:47:19,690 - Finished fetching features.
2023-07-27 01:49:31,580 - Starting prediction cycle...
2023-07-27 01:49:31,580 - Loading the model...
2023-07-27 01:49:31,703 - Fetching features...
2023-07-27 01:49:32,850 - Finished fetching features.
2023-07-27 01:50:27,128 - Starting prediction cycle...
2023-07-27 01:50:27,128 - Loading the model...
2023-07-27 01:50:27,254 - Fetching features...
2023-07-27 01:50:28,409 - Finished fetching features.
2023-07-27 01:50:28,425 - Fetching features...
2023-07-27 01:50:28,687 - Finished fetching features.
2023-07-27 01:50:28,735 - Making predictions...
2023-07-27 01:55:53,030 - Starting prediction cycle...
2023-07-27 01:55:53,030 - Loading the model...
2023-07-27 01:55:53,664 - Fetching features...
2023-07-27 01:55:55,088 - Finished fetching features.
2023-07-27 01:55:55,089 - Fetching features...
2023-07-27 01:55:55,197 - Finished fetching features.
2023-07-27 01:55:55,240 - Making predictions...
2023-07-27 01:57:34,175 - Starting prediction cycle...
2023-07-27 01:57:34,175 - Loading the model...
2023-07-27 01:57:34,295 - Fetching features...
2023-07-27 01:57:35,249 - Finished fetching features.
2023-07-27 01:57:35,251 - Fetching features...
2023-07-27 01:57:35,367 - Finished fetching features.
2023-07-27 01:57:35,373 - Making predictions...
2023-07-27 01:57:36,165 - Saving predictions...
2023-07-27 01:57:39,758 - Prediction cycle completed.
2023-07-27 01:57:39,758 - Starting prediction cycle...
2023-07-27 01:57:39,759 - Loading the model...
2023-07-27 01:57:39,911 - Fetching features...
2023-07-27 01:57:40,024 - Finished fetching features.
2023-07-27 01:57:40,027 - Fetching features...
2023-07-27 01:57:40,130 - Finished fetching features.
2023-07-27 01:57:40,132 - Making predictions...
2023-07-27 01:57:40,301 - Saving predictions...
2023-07-27 01:57:43,817 - Prediction cycle completed.
2023-07-27 01:57:43,818 - Starting prediction cycle...
2023-07-27 01:57:43,818 - Loading the model...
2023-07-27 01:57:43,979 - Fetching features...
2023-07-27 01:57:44,085 - Finished fetching features.
2023-07-27 01:57:44,086 - Fetching features...
2023-07-27 01:57:44,198 - Finished fetching features.
2023-07-27 01:57:44,205 - Making predictions...
2023-07-27 01:57:44,368 - Saving predictions...
2023-07-27 01:57:47,904 - Prediction cycle completed.
2023-07-27 01:57:47,905 - Starting prediction cycle...
2023-07-27 01:57:47,905 - Loading the model...
2023-07-27 01:57:48,082 - Fetching features...
2023-07-27 01:57:48,191 - Finished fetching features.
2023-07-27 01:57:48,193 - Fetching features...
2023-07-27 01:57:48,301 - Finished fetching features.
2023-07-27 01:57:48,302 - Making predictions...
2023-07-27 01:57:48,455 - Saving predictions...
2023-07-27 01:57:51,979 - Prediction cycle completed.
2023-07-27 01:57:51,979 - Starting prediction cycle...
2023-07-27 01:57:51,979 - Loading the model...
2023-07-27 01:57:52,166 - Fetching features...
2023-07-27 01:57:52,281 - Finished fetching features.
2023-07-27 01:57:52,283 - Fetching features...
2023-07-27 01:57:52,391 - Finished fetching features.
2023-07-27 01:57:52,393 - Making predictions...
2023-07-27 01:57:52,572 - Saving predictions...
2023-07-27 01:57:56,091 - Prediction cycle completed.
2023-07-27 01:57:56,091 - Starting prediction cycle...
2023-07-27 01:57:56,091 - Loading the model...
2023-07-27 01:57:56,217 - Fetching features...
2023-07-27 01:57:56,336 - Finished fetching features.
2023-07-27 01:57:56,339 - Fetching features...
2023-07-27 01:57:56,457 - Finished fetching features.
2023-07-27 01:57:56,462 - Making predictions...
2023-07-27 01:57:56,619 - Saving predictions...
2023-07-27 01:58:00,312 - Prediction cycle completed.
2023-07-27 01:58:00,312 - Starting prediction cycle...
2023-07-27 01:58:00,312 - Loading the model...
2023-07-27 01:58:00,466 - Fetching features...
2023-07-27 01:58:00,574 - Finished fetching features.
2023-07-27 01:58:00,576 - Fetching features...
2023-07-27 01:58:00,681 - Finished fetching features.
2023-07-27 01:58:00,683 - Making predictions...
2023-07-27 01:58:00,867 - Saving predictions...
2023-07-27 01:58:04,509 - Prediction cycle completed.
2023-07-27 01:58:04,509 - Starting prediction cycle...
2023-07-27 01:58:04,510 - Loading the model...
2023-07-27 01:58:04,679 - Fetching features...
2023-07-27 01:58:04,795 - Finished fetching features.
2023-07-27 01:58:04,798 - Fetching features...
2023-07-27 01:58:04,909 - Finished fetching features.
2023-07-27 01:58:04,913 - Making predictions...
2023-07-27 01:58:05,111 - Saving predictions...
2023-07-27 01:58:08,647 - Prediction cycle completed.
2023-07-27 01:58:08,647 - Starting prediction cycle...
2023-07-27 01:58:08,648 - Loading the model...
2023-07-27 01:58:08,802 - Fetching features...
2023-07-27 01:58:08,908 - Finished fetching features.
2023-07-27 01:58:08,909 - Fetching features...
2023-07-27 01:58:09,024 - Finished fetching features.
2023-07-27 01:58:09,026 - Making predictions...
2023-07-27 01:58:09,278 - Saving predictions...
2023-07-27 02:02:24,624 - Starting prediction cycle...
2023-07-27 02:02:24,624 - Loading the model...
2023-07-27 02:02:24,751 - Fetching features...
2023-07-27 02:02:25,757 - Finished fetching features.
2023-07-27 02:02:25,761 - Fetching features...
2023-07-27 02:02:25,888 - Finished fetching features.
2023-07-27 02:02:25,896 - Making predictions...
2023-07-27 02:02:26,253 - Saving predictions...
2023-07-27 02:02:29,931 - Prediction cycle completed.
2023-07-27 02:08:25,522 - Starting prediction cycle...
2023-07-27 02:08:25,522 - Loading the model...
2023-07-27 02:08:25,649 - Fetching features...
2023-07-27 02:08:26,617 - Finished fetching features.
2023-07-27 02:08:26,622 - Fetching features...
2023-07-27 02:08:26,745 - Finished fetching features.
2023-07-27 02:08:26,755 - Making predictions...
2023-07-27 02:08:26,960 - Saving predictions...
2023-07-27 02:08:41,055 - Prediction cycle completed.
2023-07-27 02:20:06,131 - Starting prediction cycle...
2023-07-27 02:20:06,131 - Loading the model...
2023-07-27 02:20:06,256 - Fetching features...
2023-07-27 02:20:07,285 - Finished fetching features.
2023-07-27 02:20:07,287 - Fetching features...
2023-07-27 02:20:07,399 - Finished fetching features.
2023-07-27 02:20:07,403 - Making predictions...
2023-07-27 02:20:07,618 - Saving predictions...
2023-07-27 02:20:21,934 - Prediction cycle completed.
2023-07-27 02:22:16,519 - Starting prediction cycle...
2023-07-27 02:22:16,519 - Loading the model...
2023-07-27 02:22:16,649 - Fetching features...
2023-07-27 02:22:17,629 - Finished fetching features.
2023-07-27 02:22:17,633 - Fetching features...
2023-07-27 02:22:17,743 - Finished fetching features.
2023-07-27 02:22:17,747 - Making predictions...
2023-07-27 02:22:17,948 - Saving predictions...
2023-07-27 02:22:31,984 - Prediction cycle completed.
2023-07-27 02:25:51,609 - Starting prediction cycle...
2023-07-27 02:25:51,610 - Loading the model...
2023-07-27 02:25:51,730 - Fetching features...
2023-07-27 02:25:52,728 - Finished fetching features.
2023-07-27 02:25:52,732 - Fetching features...
2023-07-27 02:25:52,859 - Finished fetching features.
2023-07-27 02:25:52,863 - Making predictions...
2023-07-27 02:25:53,086 - Saving predictions...
2023-07-27 02:26:07,567 - Prediction cycle completed.
2023-07-27 02:30:01,059 - Starting prediction cycle...
2023-07-27 02:30:01,059 - Loading the model...
2023-07-27 02:30:01,189 - Fetching features...
2023-07-27 02:30:02,149 - Finished fetching features.
2023-07-27 02:30:02,150 - Fetching features...
2023-07-27 02:30:02,280 - Finished fetching features.
2023-07-27 02:30:02,288 - Making predictions...
2023-07-27 02:30:02,504 - Saving predictions...
2023-07-27 02:30:58,887 - Prediction cycle completed.
2023-07-27 02:31:08,138 - Starting prediction cycle...
2023-07-27 02:31:08,138 - Loading the model...
2023-07-27 02:31:08,260 - Fetching features...
2023-07-27 02:31:09,263 - Finished fetching features.
2023-07-27 02:31:09,267 - Fetching features...
2023-07-27 02:31:09,392 - Finished fetching features.
2023-07-27 02:31:09,400 - Making predictions...
2023-07-27 02:31:09,634 - Saving predictions...
2023-07-27 02:32:06,015 - Prediction cycle completed.
2023-07-27 02:35:35,290 - Starting prediction cycle...
2023-07-27 02:35:35,290 - Loading the model...
2023-07-27 02:35:35,412 - Fetching features...
2023-07-27 02:35:36,360 - Finished fetching features.
2023-07-27 02:35:36,364 - Fetching features...
2023-07-27 02:35:36,488 - Finished fetching features.
2023-07-27 02:35:36,497 - Making predictions...
2023-07-27 02:35:38,389 - Saving predictions...
2023-07-27 02:36:33,635 - Prediction cycle completed.
2023-07-27 02:37:33,801 - Starting prediction cycle...
2023-07-27 02:37:33,801 - Loading the model...
2023-07-27 02:37:33,927 - Fetching features...
2023-07-27 02:37:34,936 - Finished fetching features.
2023-07-27 02:37:34,940 - Fetching features...
2023-07-27 02:37:35,062 - Finished fetching features.
2023-07-27 02:37:35,069 - Making predictions...
2023-07-27 02:37:37,154 - Saving predictions...
2023-07-27 02:38:59,193 - Starting prediction cycle...
2023-07-27 02:38:59,193 - Loading the model...
2023-07-27 02:38:59,325 - Fetching features...
2023-07-27 02:39:00,288 - Finished fetching features.
2023-07-27 02:39:00,291 - Fetching features...
2023-07-27 02:39:00,409 - Finished fetching features.
2023-07-27 02:39:00,414 - Making predictions...
2023-07-27 02:39:02,267 - Saving predictions...
2023-07-27 02:39:58,924 - Prediction cycle completed.
2023-07-27 02:41:10,530 - Starting prediction cycle...
2023-07-27 02:41:10,530 - Loading the model...
2023-07-27 02:41:10,652 - Fetching features...
2023-07-27 02:41:11,628 - Finished fetching features.
2023-07-27 02:41:11,632 - Fetching features...
2023-07-27 02:41:11,762 - Finished fetching features.
2023-07-27 02:41:11,772 - Making predictions...
2023-07-27 02:41:13,910 - Saving predictions...
2023-07-27 02:42:08,892 - Prediction cycle completed.
2023-07-27 02:43:00,105 - Starting prediction cycle...
2023-07-27 02:43:00,105 - Loading the model...
2023-07-27 02:43:00,227 - Fetching features...
2023-07-27 02:43:01,182 - Finished fetching features.
2023-07-27 02:43:01,183 - Fetching features...
2023-07-27 02:43:01,292 - Finished fetching features.
2023-07-27 02:43:01,295 - Making predictions...
2023-07-27 02:43:01,885 - Saving predictions...
2023-07-27 02:43:15,730 - Prediction cycle completed.
2023-07-27 02:50:22,727 - Starting prediction cycle...
2023-07-27 02:50:22,728 - Loading the model...
2023-07-27 02:50:22,849 - Fetching features...
2023-07-27 02:50:23,871 - Finished fetching features.
2023-07-27 02:50:23,875 - Fetching features...
2023-07-27 02:50:23,991 - Finished fetching features.
2023-07-27 02:50:23,999 - Making predictions...
2023-07-27 02:50:24,596 - Saving predictions...
2023-07-27 02:50:38,511 - Prediction cycle completed.
2023-07-27 02:56:21,360 - Starting prediction cycle...
2023-07-27 02:56:21,360 - Loading the model...
2023-07-27 02:56:21,485 - Fetching features...
2023-07-27 02:56:22,493 - Finished fetching features.
2023-07-27 02:56:22,495 - Fetching features...
2023-07-27 02:56:22,612 - Finished fetching features.
2023-07-27 02:56:22,617 - Making predictions...
2023-07-27 02:56:23,253 - Saving predictions...

2023-07-27 22:47:11,428 - Starting prediction cycle...
2023-07-27 22:47:11,428 - Loading the model...
2023-07-27 22:47:11,735 - Fetching features...
2023-07-27 22:47:13,020 - Finished fetching features.
2023-07-27 22:47:13,040 - Fetching features...
2023-07-27 22:47:13,304 - Finished fetching features.
2023-07-27 22:48:04,850 - Starting prediction cycle...
2023-07-27 22:48:04,850 - Loading the model...
2023-07-27 22:48:05,119 - Fetching features...
2023-07-27 22:48:06,281 - Finished fetching features.
2023-07-27 22:48:06,294 - Fetching features...
2023-07-27 22:48:06,568 - Finished fetching features.
2023-07-27 23:07:27,891 - Starting prediction cycle...
2023-07-27 23:07:27,892 - Loading the model...
2023-07-27 23:07:28,148 - Fetching features...
2023-07-27 23:07:29,571 - Finished fetching features.
2023-07-27 23:07:29,585 - Fetching features...
2023-07-27 23:07:29,846 - Finished fetching features.
2023-07-27 23:07:30,125 - Saving predictions...
2023-07-27 23:08:27,879 - Starting prediction cycle...
2023-07-27 23:08:27,879 - Loading the model...
2023-07-27 23:08:28,132 - Fetching features...
2023-07-27 23:08:29,451 - Finished fetching features.
2023-07-27 23:08:29,465 - Fetching features...
2023-07-27 23:08:29,725 - Finished fetching features.
2023-07-27 23:08:29,983 - Saving predictions...
2023-07-27 23:12:19,817 - Starting prediction cycle...
2023-07-27 23:12:19,817 - Loading the model...
2023-07-27 23:12:20,088 - Fetching features...
2023-07-27 23:12:21,194 - Finished fetching features.
2023-07-27 23:12:21,197 - Fetching features...
2023-07-27 23:12:21,322 - Finished fetching features.
2023-07-27 23:12:21,593 - Saving predictions...
2023-07-27 23:12:36,814 - Prediction cycle completed.
2023-07-28 00:12:42,319 - Starting prediction cycle...
2023-07-28 00:12:42,319 - Loading the model...
2023-07-28 00:12:42,580 - Fetching features...
2023-07-28 00:12:43,793 - Finished fetching features.
2023-07-28 00:12:43,810 - Fetching features...
2023-07-28 00:12:44,047 - Finished fetching features.
2023-07-28 00:14:27,115 - Starting prediction cycle...
2023-07-28 00:14:27,116 - Loading the model...
2023-07-28 00:14:27,365 - Fetching features...
2023-07-28 00:14:28,584 - Finished fetching features.
2023-07-28 00:14:28,598 - Fetching features...
2023-07-28 00:14:28,856 - Finished fetching features.
2023-07-28 00:14:53,963 - Starting prediction cycle...
2023-07-28 00:14:53,963 - Loading the model...
2023-07-28 00:14:54,246 - Fetching features...
2023-07-28 00:14:55,412 - Finished fetching features.
2023-07-28 00:14:55,428 - Fetching features...
2023-07-28 00:14:55,665 - Finished fetching features.
2023-07-28 00:17:04,055 - Starting prediction cycle...
2023-07-28 00:17:04,055 - Loading the model...
2023-07-28 00:17:04,305 - Fetching features...
2023-07-28 00:17:05,654 - Finished fetching features.
2023-07-28 00:17:05,668 - Fetching features...
2023-07-28 00:17:05,964 - Finished fetching features.
2023-07-28 00:18:06,147 - Starting prediction cycle...
2023-07-28 00:18:06,147 - Loading the model...
2023-07-28 00:18:06,407 - Fetching features...
2023-07-28 00:18:07,689 - Finished fetching features.
2023-07-28 00:18:07,704 - Fetching features...
2023-07-28 00:18:08,008 - Finished fetching features.
2023-07-28 00:20:04,487 - Starting prediction cycle...
2023-07-28 00:20:04,487 - Loading the model...
2023-07-28 00:20:04,737 - Fetching features...
2023-07-28 00:20:05,982 - Finished fetching features.
2023-07-28 00:20:05,997 - Fetching features...
2023-07-28 00:20:06,252 - Finished fetching features.
2023-07-28 00:26:07,309 - Starting prediction cycle...
2023-07-28 00:26:07,309 - Loading the model...
2023-07-28 00:26:07,610 - Fetching features...
2023-07-28 00:26:09,075 - Finished fetching features.
2023-07-28 00:26:09,090 - Fetching features...
2023-07-28 00:26:09,385 - Finished fetching features.
2023-07-28 00:27:33,756 - Starting prediction cycle...
2023-07-28 00:27:33,756 - Loading the model...
2023-07-28 00:27:34,017 - Fetching features...
2023-07-28 00:27:35,286 - Finished fetching features.
2023-07-28 00:27:35,301 - Fetching features...
2023-07-28 00:27:35,566 - Finished fetching features.
2023-07-28 00:28:09,741 - Starting prediction cycle...
2023-07-28 00:28:09,742 - Loading the model...
2023-07-28 00:28:09,995 - Fetching features...
2023-07-28 00:28:11,237 - Finished fetching features.
2023-07-28 00:28:11,252 - Fetching features...
2023-07-28 00:28:11,505 - Finished fetching features.
2023-07-28 00:30:50,120 - Starting prediction cycle...
2023-07-28 00:30:50,120 - Loading the model...
2023-07-28 00:30:50,374 - Fetching features...
2023-07-28 00:30:51,630 - Finished fetching features.
2023-07-28 00:30:51,645 - Fetching features...
2023-07-28 00:30:51,935 - Finished fetching features.
2023-07-28 00:31:13,047 - Starting prediction cycle...
2023-07-28 00:31:13,047 - Loading the model...
2023-07-28 00:31:13,302 - Fetching features...
2023-07-28 00:31:14,486 - Finished fetching features.
2023-07-28 00:31:14,501 - Fetching features...
2023-07-28 00:31:14,775 - Finished fetching features.
2023-07-28 00:33:49,367 - Starting prediction cycle...
2023-07-28 00:33:49,368 - Loading the model...
2023-07-28 00:33:49,620 - Fetching features...
2023-07-28 00:33:50,862 - Finished fetching features.
2023-07-28 00:33:50,878 - Fetching features...
2023-07-28 00:33:51,160 - Finished fetching features.
2023-07-28 00:35:06,194 - Starting prediction cycle...
2023-07-28 00:35:06,194 - Loading the model...
2023-07-28 00:35:06,450 - Fetching features...
2023-07-28 00:35:51,649 - Starting prediction cycle...
2023-07-28 00:35:51,649 - Loading the model...
2023-07-28 00:35:51,906 - Fetching features...
2023-07-28 00:35:53,109 - Finished fetching features.
2023-07-28 00:35:53,121 - Fetching features...
2023-07-28 00:35:53,402 - Finished fetching features.
2023-07-28 00:35:55,474 - Saving predictions...

2023-08-01 21:59:53,711 - Starting prediction cycle...
2023-08-01 21:59:53,711 - Deleting existing predictions...
2023-08-01 21:59:54,830 - Loading the model...
2023-08-01 21:59:56,008 - Fetching features...
2023-08-01 21:59:56,295 - Finished fetching features.
2023-08-01 21:59:56,308 - Fetching features...
2023-08-01 21:59:56,551 - Finished fetching features.
2023-08-01 21:59:59,809 - Saving predictions...
2023-08-01 23:34:04,720 - Prediction cycle completed.
2023-08-01 23:34:04,722 - Sleeping for 24 hours...
2023-08-03 00:39:43,886 - Starting prediction cycle...
2023-08-03 00:39:43,910 - Deleting existing predictions...
2023-08-03 00:39:45,122 - Loading the model...
2023-08-03 00:39:46,622 - Fetching features...
2023-08-03 00:39:47,008 - Finished fetching features.
2023-08-03 00:39:47,015 - Fetching features...
2023-08-03 00:39:47,169 - Finished fetching features.
2023-08-03 00:39:49,007 - Saving predictions...
2023-08-03 11:56:48,905 - Starting prediction cycle...
2023-08-03 11:56:48,905 - Deleting existing predictions...
2023-08-03 11:56:50,206 - Loading the model...
2023-08-03 11:59:01,133 - Starting prediction cycle...
2023-08-03 11:59:01,133 - Deleting existing predictions...
2023-08-03 11:59:02,436 - Loading the model...
2023-08-03 11:59:21,219 - Starting prediction cycle...
2023-08-03 11:59:21,219 - Deleting existing predictions...
2023-08-03 11:59:22,411 - Loading the model...
2023-08-03 11:59:23,678 - Fetching features...
2023-08-03 11:59:23,949 - Finished fetching features.
2023-08-03 11:59:23,955 - Fetching features...
2023-08-03 11:59:24,143 - Finished fetching features.
2023-08-03 11:59:25,271 - Saving predictions...
2023-08-03 21:35:52,818 - Starting prediction cycle...
2023-08-03 21:35:52,818 - Deleting existing predictions...
2023-08-03 21:35:54,105 - Loading the model...
2023-08-03 21:35:54,422 - Fetching features...
2023-08-03 21:35:54,743 - Finished fetching features.
2023-08-03 21:35:55,762 - Saving predictions...
2023-08-03 22:08:51,129 - Starting prediction cycle...
2023-08-03 22:08:51,129 - Deleting existing predictions...
2023-08-03 22:08:52,322 - Loading the model...
2023-08-03 22:08:52,459 - Fetching features...
2023-08-03 22:08:52,608 - Finished fetching features.
2023-08-03 22:08:52,918 - Saving predictions...
2023-08-03 22:14:46,534 - Prediction cycle completed.
2023-08-03 22:14:46,535 - Sleeping for 24 hours...
2023-08-04 00:03:23,264 - Starting prediction cycle...
2023-08-04 00:03:23,264 - Deleting existing predictions...
2023-08-04 00:03:24,720 - Loading the model...
2023-08-04 00:03:24,816 - Fetching features...
2023-08-04 00:03:24,974 - Finished fetching features.
2023-08-04 11:56:36,855 - Starting prediction cycle...
2023-08-04 11:56:37,292 - Deleting existing predictions...
2023-08-04 11:56:39,161 - Loading the model...
2023-08-04 11:56:39,245 - Fetching features...
2023-08-04 11:56:39,427 - Finished fetching features.
2023-08-04 12:01:15,473 - Starting prediction cycle...
2023-08-04 12:01:15,473 - Deleting existing predictions...
2023-08-04 12:01:16,667 - Loading the model...
2023-08-04 12:01:16,764 - Fetching features...
2023-08-04 12:01:16,892 - Finished fetching features.
2023-08-04 12:01:17,075 - Saving predictions...
2023-08-04 12:06:31,137 - Starting prediction cycle...
2023-08-04 12:06:31,137 - Deleting existing predictions...
2023-08-04 12:06:32,341 - Loading the model...
2023-08-04 12:06:32,432 - Fetching features...
2023-08-04 12:06:32,583 - Finished fetching features.
2023-08-04 12:06:32,624 - Saving predictions...
2023-08-04 12:12:19,265 - Prediction cycle completed.
2023-08-04 12:12:19,265 - Sleeping for 24 hours...
2023-08-04 12:20:03,580 - Starting prediction cycle...
2023-08-04 12:20:03,580 - Deleting existing predictions...
2023-08-04 12:20:04,775 - Loading the model...
2023-08-04 12:20:04,843 - Fetching features...
2023-08-04 12:20:04,983 - Finished fetching features.
2023-08-04 12:20:05,007 - Saving predictions...
2023-08-04 12:25:54,233 - Prediction cycle completed.
2023-08-04 12:25:54,234 - Sleeping for 24 hours...
2023-08-08 15:48:08,241 - Starting prediction cycle...
2023-08-08 15:48:08,601 - Deleting existing predictions...
2023-08-08 15:48:09,868 - Loading the model...
2023-08-08 15:48:11,139 - Fetching features...
2023-08-08 15:48:11,457 - Finished fetching features.
2023-08-08 15:48:11,628 - Saving predictions...
2023-08-08 15:54:28,219 - Prediction cycle completed.
2023-08-08 15:54:28,219 - Sleeping for 24 hours...
2023-08-08 16:07:58,657 - Starting prediction cycle...
2023-08-08 16:07:58,657 - Deleting existing predictions...
2023-08-08 16:13:22,918 - Starting prediction cycle...
2023-08-08 16:13:22,918 - Deleting existing predictions...
2023-08-08 16:13:24,598 - Loading the model...
2023-08-08 16:14:23,852 - Starting prediction cycle...
2023-08-08 16:14:23,852 - Deleting existing predictions...
2023-08-08 16:14:25,388 - Loading the model...
2023-08-08 16:14:25,457 - Fetching features...
2023-08-08 16:14:25,578 - Finished fetching features.
2023-08-08 16:14:25,608 - Saving predictions...
2023-08-08 16:17:10,319 - Starting prediction cycle...
2023-08-08 16:17:10,319 - Deleting existing predictions...
2023-08-08 16:17:11,941 - Loading the model...
2023-08-08 16:17:12,057 - Fetching features...
2023-08-08 16:17:12,179 - Finished fetching features.
2023-08-08 16:17:12,205 - Saving predictions...
